 Arrowsoft Assembler
Public Domain v1.00d (64K Model) 	Page	1-1
	 	 	 	 	 	 	 	05-03-;0    


 	 	 	 	;CS272   Boston University   T.Lorber
 	 	 	 	;FINAL                       U61244526
 	 	 	 	
 0000	 	 	 	Data Segment
 	 	 	 	
 0000  2A 24	 	 	Star   DB  "*", "$"
 	 	 	 	
 0002	 	 	 	Data Ends
 	 	 	 	
 0000	 	 	 	Code Segment
 	 	 	 	Assume CS:Code,DS:Data
 	 	 	 	
 0000  BB ---- R	 	Start: Mov  BX,Data
 0003  8E DB	 	 	       Mov  DS,BX
 0005	 	 	 	M_Loop:
 0005  33 C9	 	 	       Xor  CX, CX               ; Set counter 
	 	 	 	to Zeroes
 0007  33 DB	 	 	       Xor  BX, BX               ;
 0009	 	 	 	I_Loop:
 0009  B4 01	 	 	       Mov  AH, 1D              
 000B  CD 16	 	 	       Int  16H                  ; Check for ke
	 	 	 	y stroke 
 000D  75 1D	 	 	       JNE  Done                 ; Jump to done
	 	 	 	 if key entered
 	 	 	 	
 000F  83 C1 01	 	 	       Add  CX, 1D               ;
 0012  81 F9 2710	 	       Cmp  CX, 10000D           ; 10,000 Decim
	 	 	 	al
 0016  7C F1	 	 	       JL   I_Loop               ; Loop until 1
	 	 	 	0,000 Loops have been done
 	 	 	 	       
 0018  33 C9	 	 	       Xor  CX, CX
 001A  83 C3 01	 	 	       Add  BX, 1D               ;
 001D  81 FB 03E8	 	       Cmp  BX, 1000D            ; Do 1000 of a
	 	 	 	bove for 10-Million
 0021  7C E6	 	 	       JL   I_Loop               ;
 	 	 	 	
 0023  BA 0000 R	 	       Mov  DX, Offset Star      ; Have DOS 
 0026  B4 09	 	 	       Mov  AH, 9D               ;  type "*"
 0028  CD 21	 	 	       Int  21H                  ;  on the scre
	 	 	 	en
 	 	 	 	
 002A  EB D9	 	 	       Jmp  M_Loop               ; Go do anothe
	 	 	 	r 10-Million loops
 	 	 	 	
 	 	 	 	;Return to DOS
 002C  B8 4C00	 	 	Done:  Mov  AX,4C00H
 002F  CD 21	 	 	       Int  21H
 	 	 	 	
 0031	 	 	 	Code Ends
 	 	 	 	End Start

 Arrowsoft Assembler
Public Domain v1.00d (64K Model) 	Page	Symbols
	 	 	 	-1
	 	 	 	 	 	 	 	05-03-;0    


Segments and Groups:

	 	N a m e	 	 	Size	Align	Combine	Class

CODE . . . . . . . . . . . . . .	0031	PARA  	NONE	
DATA . . . . . . . . . . . . . .	0002	PARA  	NONE	

Symbols:            

	 	N a m e	 	 	Type	Value	Attr         

DONE . . . . . . . . . . . . . .	L NEAR 	002C	CODE
I_LOOP . . . . . . . . . . . . .	L NEAR 	0009	CODE
M_LOOP . . . . . . . . . . . . .	L NEAR 	0005	CODE
STAR . . . . . . . . . . . . . .	L BYTE 	0000	DATA
START. . . . . . . . . . . . . .	L NEAR 	0000	CODE

49690 Bytes free   

Warning Severe
Errors	Errors 
0	0
